{"level":"info","message":"MongoDB connected successfully","timestamp":"2025-12-02T08:33:55.751Z"}
{"level":"info","message":"Redis client connected","timestamp":"2025-12-02T08:33:55.796Z"}
{"level":"info","message":"Redis pub client connected","timestamp":"2025-12-02T08:33:55.811Z"}
{"level":"info","message":"Redis sub client connected","timestamp":"2025-12-02T08:33:55.813Z"}
{"level":"info","message":"Redis connected successfully","timestamp":"2025-12-02T08:33:55.815Z"}
{"level":"info","message":"Socket.IO configured successfully","timestamp":"2025-12-02T08:33:55.823Z"}
{"level":"info","message":"Socket.IO configured with Redis adapter","timestamp":"2025-12-02T08:33:55.828Z"}
{"level":"info","message":"Server running on port 5000 in development mode","timestamp":"2025-12-02T08:33:55.844Z"}
{"level":"info","message":"MongoDB connected successfully","timestamp":"2025-12-02T08:37:16.519Z"}
{"level":"info","message":"Redis client connected","timestamp":"2025-12-02T08:37:16.617Z"}
{"level":"info","message":"Redis pub client connected","timestamp":"2025-12-02T08:37:17.013Z"}
{"level":"info","message":"Redis sub client connected","timestamp":"2025-12-02T08:37:17.322Z"}
{"level":"info","message":"Redis connected successfully","timestamp":"2025-12-02T08:37:17.595Z"}
{"level":"info","message":"Socket.IO configured successfully","timestamp":"2025-12-02T08:37:17.700Z"}
{"level":"info","message":"Socket.IO configured with Redis adapter","timestamp":"2025-12-02T08:37:17.719Z"}
{"level":"info","message":"Server running on port 5000 in development mode","timestamp":"2025-12-02T08:37:17.755Z"}
{"level":"info","message":"User logged in: eva@example.com","timestamp":"2025-12-02T08:37:23.446Z"}
{"level":"info","message":"User connected: 692e75a65394ea55634e3292 (socket: IuVDaDDZEMmymQgrAAAB)","timestamp":"2025-12-02T08:37:26.052Z"}
{"level":"info","message":"User disconnected: 692e75a65394ea55634e3292 (socket: IuVDaDDZEMmymQgrAAAB)","timestamp":"2025-12-02T08:38:02.341Z"}
{"level":"info","message":"User connected: 692e75a65394ea55634e3292 (socket: CSwVLrkoa9Mp5pipAAAD)","timestamp":"2025-12-02T08:38:04.936Z"}
{"level":"info","message":"User connected: 692e75a65394ea55634e3292 (socket: Lh76fhzx9mrTYTW9AAAF)","timestamp":"2025-12-02T08:38:04.955Z"}
{"level":"info","message":"MongoDB connected successfully","timestamp":"2025-12-02T08:39:22.256Z"}
{"level":"info","message":"Redis client connected","timestamp":"2025-12-02T08:39:22.297Z"}
{"level":"info","message":"Redis pub client connected","timestamp":"2025-12-02T08:39:22.315Z"}
{"level":"info","message":"Redis sub client connected","timestamp":"2025-12-02T08:39:22.354Z"}
{"level":"info","message":"Redis connected successfully","timestamp":"2025-12-02T08:39:22.367Z"}
{"level":"info","message":"Socket.IO configured successfully","timestamp":"2025-12-02T08:39:22.380Z"}
{"level":"info","message":"Socket.IO configured with Redis adapter","timestamp":"2025-12-02T08:39:22.381Z"}
{"level":"info","message":"Server running on port 5000 in development mode","timestamp":"2025-12-02T08:39:22.387Z"}
{"level":"info","message":"User connected: 692e75a65394ea55634e3292 (socket: iF4eo6sJXPaHD3fqAAAC)","timestamp":"2025-12-02T08:39:23.233Z"}
{"level":"info","message":"User connected: 692e75a65394ea55634e3292 (socket: Jr-3tvgwnGgaHuEsAAAD)","timestamp":"2025-12-02T08:39:23.285Z"}
{"level":"info","message":"MongoDB connected successfully","timestamp":"2025-12-02T08:39:29.872Z"}
{"level":"info","message":"Redis client connected","timestamp":"2025-12-02T08:39:29.900Z"}
{"level":"info","message":"Redis pub client connected","timestamp":"2025-12-02T08:39:29.939Z"}
{"level":"info","message":"Redis sub client connected","timestamp":"2025-12-02T08:39:29.962Z"}
{"level":"info","message":"Redis connected successfully","timestamp":"2025-12-02T08:39:29.966Z"}
{"level":"info","message":"Socket.IO configured successfully","timestamp":"2025-12-02T08:39:29.969Z"}
{"level":"info","message":"Socket.IO configured with Redis adapter","timestamp":"2025-12-02T08:39:29.970Z"}
{"level":"info","message":"Server running on port 5000 in development mode","timestamp":"2025-12-02T08:39:29.974Z"}
{"level":"info","message":"User connected: 692e75a65394ea55634e3292 (socket: JaBY94jNgekPG8WOAAAC)","timestamp":"2025-12-02T08:39:30.047Z"}
{"level":"info","message":"User connected: 692e75a65394ea55634e3292 (socket: cKVQz5hYk7IUlfm_AAAD)","timestamp":"2025-12-02T08:39:30.050Z"}
{"level":"info","message":"MongoDB connected successfully","timestamp":"2025-12-02T08:39:37.085Z"}
{"level":"info","message":"Redis client connected","timestamp":"2025-12-02T08:39:37.146Z"}
{"level":"info","message":"Redis pub client connected","timestamp":"2025-12-02T08:39:37.220Z"}
{"level":"info","message":"Redis sub client connected","timestamp":"2025-12-02T08:39:37.279Z"}
{"level":"info","message":"Redis connected successfully","timestamp":"2025-12-02T08:39:37.282Z"}
{"level":"info","message":"Socket.IO configured successfully","timestamp":"2025-12-02T08:39:37.284Z"}
{"level":"info","message":"Socket.IO configured with Redis adapter","timestamp":"2025-12-02T08:39:37.285Z"}
{"level":"info","message":"Server running on port 5000 in development mode","timestamp":"2025-12-02T08:39:37.292Z"}
{"level":"info","message":"User connected: 692e75a65394ea55634e3292 (socket: KCjdfUe8iJ2p80dNAAAB)","timestamp":"2025-12-02T08:39:37.620Z"}
{"level":"info","message":"User connected: 692e75a65394ea55634e3292 (socket: srL_J7AqPSKknic8AAAD)","timestamp":"2025-12-02T08:39:42.084Z"}
{"level":"info","message":"MongoDB connected successfully","timestamp":"2025-12-02T08:39:47.428Z"}
{"level":"info","message":"Redis client connected","timestamp":"2025-12-02T08:39:47.449Z"}
{"level":"info","message":"Redis pub client connected","timestamp":"2025-12-02T08:39:47.481Z"}
{"level":"info","message":"Redis sub client connected","timestamp":"2025-12-02T08:39:47.499Z"}
{"level":"info","message":"Redis connected successfully","timestamp":"2025-12-02T08:39:47.510Z"}
{"level":"info","message":"Socket.IO configured successfully","timestamp":"2025-12-02T08:39:47.513Z"}
{"level":"info","message":"Socket.IO configured with Redis adapter","timestamp":"2025-12-02T08:39:47.513Z"}
{"level":"info","message":"Server running on port 5000 in development mode","timestamp":"2025-12-02T08:39:47.517Z"}
{"level":"info","message":"User connected: 692e75a65394ea55634e3292 (socket: JHmX3NbctjxI6mxUAAAB)","timestamp":"2025-12-02T08:40:01.263Z"}
{"level":"info","message":"User connected: 692e75a65394ea55634e3292 (socket: 8ujiaw_sJmkcoIh2AAAD)","timestamp":"2025-12-02T08:40:01.601Z"}
{"level":"info","message":"MongoDB connected successfully","timestamp":"2025-12-02T08:41:23.772Z"}
{"level":"info","message":"Redis client connected","timestamp":"2025-12-02T08:41:23.831Z"}
{"level":"info","message":"Redis pub client connected","timestamp":"2025-12-02T08:41:24.097Z"}
{"level":"info","message":"Redis sub client connected","timestamp":"2025-12-02T08:41:24.155Z"}
{"level":"info","message":"Redis connected successfully","timestamp":"2025-12-02T08:41:24.164Z"}
{"level":"info","message":"Socket.IO configured successfully","timestamp":"2025-12-02T08:41:24.172Z"}
{"level":"info","message":"Socket.IO configured with Redis adapter","timestamp":"2025-12-02T08:41:24.173Z"}
{"level":"info","message":"Server running on port 5000 in development mode","timestamp":"2025-12-02T08:41:24.189Z"}
{"level":"info","message":"User connected: 692e75a65394ea55634e3292 (socket: _fNtEQv4S7AncHr-AAAB)","timestamp":"2025-12-02T08:41:24.290Z"}
{"level":"info","message":"User connected: 692e75a65394ea55634e3292 (socket: 0dLnjvkF7tpUUmaXAAAD)","timestamp":"2025-12-02T08:41:26.488Z"}
{"level":"info","message":"User 692e75a65394ea55634e3292 joined conversation 692e768563fac3c694385cb5","timestamp":"2025-12-02T08:41:28.566Z"}
{"level":"info","message":"Message sent in conversation 692e768563fac3c694385cb5","timestamp":"2025-12-02T08:41:36.765Z"}
{"expiredAt":"2025-12-02T05:46:37.000Z","level":"error","message":"Socket authentication error: jwt expired","name":"TokenExpiredError","stack":"TokenExpiredError: jwt expired\n    at C:\\Users\\sudhi\\OneDrive\\Desktop\\study\\webrtc\\server\\node_modules\\jsonwebtoken\\verify.js:190:21\n    at getSecret (C:\\Users\\sudhi\\OneDrive\\Desktop\\study\\webrtc\\server\\node_modules\\jsonwebtoken\\verify.js:97:14)\n    at module.exports [as verify] (C:\\Users\\sudhi\\OneDrive\\Desktop\\study\\webrtc\\server\\node_modules\\jsonwebtoken\\verify.js:101:10)\n    at Array.<anonymous> (file:///C:/Users/sudhi/OneDrive/Desktop/study/webrtc/server/src/config/socket.js:22:27)\n    at run (C:\\Users\\sudhi\\OneDrive\\Desktop\\study\\webrtc\\server\\node_modules\\socket.io\\dist\\namespace.js:130:19)\n    at Namespace.run (C:\\Users\\sudhi\\OneDrive\\Desktop\\study\\webrtc\\server\\node_modules\\socket.io\\dist\\namespace.js:141:9)\n    at Namespace._add (C:\\Users\\sudhi\\OneDrive\\Desktop\\study\\webrtc\\server\\node_modules\\socket.io\\dist\\namespace.js:218:14)\n    at process.processTicksAndRejections (node:internal/process/task_queues:105:5)","timestamp":"2025-12-02T08:41:53.378Z"}
{"expiredAt":"2025-12-02T05:46:37.000Z","level":"error","message":"Socket authentication error: jwt expired","name":"TokenExpiredError","stack":"TokenExpiredError: jwt expired\n    at C:\\Users\\sudhi\\OneDrive\\Desktop\\study\\webrtc\\server\\node_modules\\jsonwebtoken\\verify.js:190:21\n    at getSecret (C:\\Users\\sudhi\\OneDrive\\Desktop\\study\\webrtc\\server\\node_modules\\jsonwebtoken\\verify.js:97:14)\n    at module.exports [as verify] (C:\\Users\\sudhi\\OneDrive\\Desktop\\study\\webrtc\\server\\node_modules\\jsonwebtoken\\verify.js:101:10)\n    at Array.<anonymous> (file:///C:/Users/sudhi/OneDrive/Desktop/study/webrtc/server/src/config/socket.js:22:27)\n    at run (C:\\Users\\sudhi\\OneDrive\\Desktop\\study\\webrtc\\server\\node_modules\\socket.io\\dist\\namespace.js:130:19)\n    at Namespace.run (C:\\Users\\sudhi\\OneDrive\\Desktop\\study\\webrtc\\server\\node_modules\\socket.io\\dist\\namespace.js:141:9)\n    at Namespace._add (C:\\Users\\sudhi\\OneDrive\\Desktop\\study\\webrtc\\server\\node_modules\\socket.io\\dist\\namespace.js:218:14)\n    at process.processTicksAndRejections (node:internal/process/task_queues:105:5)","timestamp":"2025-12-02T08:41:53.441Z"}
{"level":"info","message":"Message sent in conversation 692e768563fac3c694385cb5","timestamp":"2025-12-02T08:42:06.884Z"}
{"level":"info","message":"User 692e75a65394ea55634e3292 joined conversation 692e768563fac3c694385cb5","timestamp":"2025-12-02T08:42:17.831Z"}
{"level":"info","message":"User 692e75a65394ea55634e3292 joined conversation 692e768563fac3c694385cb5","timestamp":"2025-12-02T08:42:21.927Z"}
{"level":"info","message":"Message sent in conversation 692e768563fac3c694385cb5","timestamp":"2025-12-02T08:42:25.481Z"}
{"level":"info","message":"User 692e75a65394ea55634e3292 joined conversation 692e768563fac3c694385cb5","timestamp":"2025-12-02T08:42:29.232Z"}
{"level":"info","message":"User 692e75a65394ea55634e3292 joined conversation 692e768563fac3c694385cb5","timestamp":"2025-12-02T08:42:30.224Z"}
{"level":"info","message":"User 692e75a65394ea55634e3292 joined conversation 692e768563fac3c694385cb5","timestamp":"2025-12-02T08:42:30.382Z"}
{"level":"info","message":"User 692e75a65394ea55634e3292 joined conversation 692e768563fac3c694385cb5","timestamp":"2025-12-02T08:42:30.548Z"}
{"level":"info","message":"User 692e75a65394ea55634e3292 joined conversation 692e768563fac3c694385cb5","timestamp":"2025-12-02T08:42:30.780Z"}
{"level":"info","message":"User 692e75a65394ea55634e3292 joined conversation 692e768563fac3c694385cb5","timestamp":"2025-12-02T08:42:30.964Z"}
{"level":"info","message":"Message sent in conversation 692e768563fac3c694385cb5","timestamp":"2025-12-02T08:42:42.391Z"}
{"level":"info","message":"User 692e75a65394ea55634e3292 joined conversation 692e768563fac3c694385cb5","timestamp":"2025-12-02T08:42:44.219Z"}
{"level":"info","message":"User 692e75a65394ea55634e3292 joined conversation 692e768563fac3c694385cb5","timestamp":"2025-12-02T08:42:49.658Z"}
{"level":"info","message":"User 692e75a65394ea55634e3292 joined conversation 692e768563fac3c694385cb5","timestamp":"2025-12-02T08:42:50.573Z"}
{"level":"info","message":"User 692e75a65394ea55634e3292 joined conversation 692e768563fac3c694385cb5","timestamp":"2025-12-02T08:42:50.742Z"}
{"level":"info","message":"User 692e75a65394ea55634e3292 joined conversation 692e768563fac3c694385cb5","timestamp":"2025-12-02T08:42:50.854Z"}
{"level":"info","message":"User 692e75a65394ea55634e3292 joined conversation 692e768563fac3c694385cb5","timestamp":"2025-12-02T08:42:51.003Z"}
{"level":"info","message":"User 692e75a65394ea55634e3292 joined conversation 692e768563fac3c694385cb5","timestamp":"2025-12-02T08:42:51.180Z"}
{"level":"info","message":"User 692e75a65394ea55634e3292 joined conversation 692e768563fac3c694385cb5","timestamp":"2025-12-02T08:42:51.387Z"}
{"level":"info","message":"User 692e75a65394ea55634e3292 joined conversation 692e768563fac3c694385cb5","timestamp":"2025-12-02T08:42:51.563Z"}
{"level":"info","message":"User 692e75a65394ea55634e3292 joined conversation 692e768563fac3c694385cb5","timestamp":"2025-12-02T08:42:51.810Z"}
{"level":"info","message":"Call initiated from 692e75a65394ea55634e3292 to 692e767563fac3c694385ca8","timestamp":"2025-12-02T08:44:15.768Z"}
{"level":"info","message":"User disconnected: 692e75a65394ea55634e3292 (socket: _fNtEQv4S7AncHr-AAAB)","timestamp":"2025-12-02T08:44:55.189Z"}
{"level":"info","message":"User disconnected: 692e75a65394ea55634e3292 (socket: 0dLnjvkF7tpUUmaXAAAD)","timestamp":"2025-12-02T08:44:55.355Z"}
{"level":"info","message":"New user registered: eva@example.com","timestamp":"2025-12-02T08:46:26.756Z"}
{"level":"info","message":"User connected: 692ea762cfd3f9e463219847 (socket: Tb2-5rp8MG5dLx9xAAAJ)","timestamp":"2025-12-02T08:46:26.814Z"}
{"level":"info","message":"New user registered: alice@example.com","timestamp":"2025-12-02T08:47:16.527Z"}
{"level":"info","message":"User connected: 692ea794cfd3f9e463219854 (socket: 1FzMVCe8dFczsoEkAAAL)","timestamp":"2025-12-02T08:47:16.855Z"}
{"level":"info","message":"User 692ea762cfd3f9e463219847 joined conversation 692ea79ecfd3f9e463219861","timestamp":"2025-12-02T08:47:27.014Z"}
{"level":"info","message":"User 692ea762cfd3f9e463219847 joined conversation 692ea79ecfd3f9e463219861","timestamp":"2025-12-02T08:47:27.042Z"}
{"level":"info","message":"User 692ea762cfd3f9e463219847 joined conversation 692ea79ecfd3f9e463219861","timestamp":"2025-12-02T08:47:27.452Z"}
{"level":"info","message":"Message sent in conversation 692ea79ecfd3f9e463219861","timestamp":"2025-12-02T08:47:34.169Z"}
{"level":"info","message":"User disconnected: 692ea762cfd3f9e463219847 (socket: Tb2-5rp8MG5dLx9xAAAJ)","timestamp":"2025-12-02T08:47:40.899Z"}
{"level":"info","message":"User connected: 692ea762cfd3f9e463219847 (socket: 10jvZvFxijHgNddCAAAO)","timestamp":"2025-12-02T08:47:41.169Z"}
{"level":"info","message":"User connected: 692ea762cfd3f9e463219847 (socket: Nqe9_rWd269P4PyyAAAP)","timestamp":"2025-12-02T08:47:41.178Z"}
{"level":"info","message":"User 692ea762cfd3f9e463219847 joined conversation 692ea79ecfd3f9e463219861","timestamp":"2025-12-02T08:47:41.534Z"}
{"level":"info","message":"User 692ea762cfd3f9e463219847 joined conversation 692ea79ecfd3f9e463219861","timestamp":"2025-12-02T08:47:41.918Z"}
{"level":"info","message":"User disconnected: 692ea794cfd3f9e463219854 (socket: 1FzMVCe8dFczsoEkAAAL)","timestamp":"2025-12-02T08:48:40.835Z"}
{"level":"info","message":"User connected: 692ea794cfd3f9e463219854 (socket: 8WpH_J1dYd5Y6oNhAAAR)","timestamp":"2025-12-02T08:48:41.675Z"}
{"level":"info","message":"User 692ea794cfd3f9e463219854 joined conversation 692ea79ecfd3f9e463219861","timestamp":"2025-12-02T08:48:41.883Z"}
{"level":"info","message":"User 692ea794cfd3f9e463219854 joined conversation 692ea79ecfd3f9e463219861","timestamp":"2025-12-02T08:48:41.962Z"}
{"level":"info","message":"User 692ea794cfd3f9e463219854 joined conversation 692ea79ecfd3f9e463219861","timestamp":"2025-12-02T08:48:43.209Z"}
{"level":"info","message":"Message sent in conversation 692ea79ecfd3f9e463219861","timestamp":"2025-12-02T08:48:45.740Z"}
{"level":"info","message":"Message sent in conversation 692ea79ecfd3f9e463219861","timestamp":"2025-12-02T08:48:50.476Z"}
{"level":"info","message":"User disconnected: 692ea762cfd3f9e463219847 (socket: Nqe9_rWd269P4PyyAAAP)","timestamp":"2025-12-02T08:48:53.389Z"}
{"level":"info","message":"User disconnected: 692ea762cfd3f9e463219847 (socket: 10jvZvFxijHgNddCAAAO)","timestamp":"2025-12-02T08:48:53.696Z"}
{"level":"info","message":"User connected: 692ea762cfd3f9e463219847 (socket: hHV68VL_NetGjqF7AAAT)","timestamp":"2025-12-02T08:48:53.871Z"}
{"level":"info","message":"User connected: 692ea762cfd3f9e463219847 (socket: t9r-5ckycjndCoDmAAAV)","timestamp":"2025-12-02T08:48:53.895Z"}
{"level":"info","message":"User 692ea762cfd3f9e463219847 joined conversation 692ea79ecfd3f9e463219861","timestamp":"2025-12-02T08:48:54.046Z"}
{"level":"info","message":"User 692ea762cfd3f9e463219847 joined conversation 692ea79ecfd3f9e463219861","timestamp":"2025-12-02T08:48:54.101Z"}
{"level":"info","message":"Message sent in conversation 692ea79ecfd3f9e463219861","timestamp":"2025-12-02T08:48:58.795Z"}
{"level":"info","message":"Message sent in conversation 692ea79ecfd3f9e463219861","timestamp":"2025-12-02T08:49:02.717Z"}
{"level":"info","message":"Message sent in conversation 692ea79ecfd3f9e463219861","timestamp":"2025-12-02T08:49:05.337Z"}
{"level":"info","message":"Message sent in conversation 692ea79ecfd3f9e463219861","timestamp":"2025-12-02T08:49:09.668Z"}
{"level":"info","message":"User 692ea794cfd3f9e463219854 joined conversation 692ea79ecfd3f9e463219861","timestamp":"2025-12-02T08:49:17.570Z"}
{"level":"info","message":"User 692ea762cfd3f9e463219847 joined conversation 692ea79ecfd3f9e463219861","timestamp":"2025-12-02T08:49:21.686Z"}
{"level":"info","message":"User 692ea762cfd3f9e463219847 joined conversation 692ea79ecfd3f9e463219861","timestamp":"2025-12-02T08:49:21.894Z"}
{"level":"info","message":"Message sent in conversation 692ea79ecfd3f9e463219861","timestamp":"2025-12-02T08:49:25.144Z"}
{"level":"info","message":"User 692ea762cfd3f9e463219847 joined conversation 692ea79ecfd3f9e463219861","timestamp":"2025-12-02T08:49:30.843Z"}
{"level":"info","message":"Call initiated from 692ea762cfd3f9e463219847 to 692ea794cfd3f9e463219854","timestamp":"2025-12-02T08:49:47.819Z"}
{"level":"info","message":"User disconnected: 692ea762cfd3f9e463219847 (socket: hHV68VL_NetGjqF7AAAT)","timestamp":"2025-12-02T08:50:15.360Z"}
{"level":"info","message":"User disconnected: 692ea762cfd3f9e463219847 (socket: t9r-5ckycjndCoDmAAAV)","timestamp":"2025-12-02T08:50:15.381Z"}
{"level":"info","message":"Call hangup from 692ea794cfd3f9e463219854","timestamp":"2025-12-02T08:50:21.547Z"}
{"level":"info","message":"User 692ea794cfd3f9e463219854 joined conversation 692ea79ecfd3f9e463219861","timestamp":"2025-12-02T08:50:23.860Z"}
{"level":"info","message":"User connected: 692ea762cfd3f9e463219847 (socket: J1dpQllJWWPSTvW5AAAY)","timestamp":"2025-12-02T08:50:38.313Z"}
{"level":"info","message":"User connected: 692ea762cfd3f9e463219847 (socket: szQLb9DAeHcN8g5zAAAZ)","timestamp":"2025-12-02T08:50:38.327Z"}
{"level":"info","message":"User 692ea762cfd3f9e463219847 joined conversation 692ea79ecfd3f9e463219861","timestamp":"2025-12-02T08:50:38.482Z"}
{"level":"info","message":"User 692ea762cfd3f9e463219847 joined conversation 692ea79ecfd3f9e463219861","timestamp":"2025-12-02T08:50:38.524Z"}
{"level":"info","message":"User disconnected: 692ea762cfd3f9e463219847 (socket: J1dpQllJWWPSTvW5AAAY)","timestamp":"2025-12-02T08:50:41.612Z"}
{"level":"info","message":"User disconnected: 692ea762cfd3f9e463219847 (socket: szQLb9DAeHcN8g5zAAAZ)","timestamp":"2025-12-02T08:50:41.720Z"}
{"level":"info","message":"User connected: 692ea762cfd3f9e463219847 (socket: ATiA4Blk9NvAfd1ZAAAb)","timestamp":"2025-12-02T08:50:41.938Z"}
{"level":"info","message":"User 692ea762cfd3f9e463219847 joined conversation 692ea79ecfd3f9e463219861","timestamp":"2025-12-02T08:50:42.183Z"}
{"level":"info","message":"User 692ea762cfd3f9e463219847 joined conversation 692ea79ecfd3f9e463219861","timestamp":"2025-12-02T08:50:42.353Z"}
{"level":"info","message":"Message sent in conversation 692ea79ecfd3f9e463219861","timestamp":"2025-12-02T08:51:38.076Z"}
{"level":"info","message":"Message sent in conversation 692ea79ecfd3f9e463219861","timestamp":"2025-12-02T08:51:49.508Z"}
{"level":"info","message":"Message sent in conversation 692ea79ecfd3f9e463219861","timestamp":"2025-12-02T08:51:58.763Z"}
{"level":"info","message":"User 692ea762cfd3f9e463219847 joined conversation 692ea79ecfd3f9e463219861","timestamp":"2025-12-02T08:52:18.445Z"}
{"level":"info","message":"Message sent in conversation 692ea79ecfd3f9e463219861","timestamp":"2025-12-02T08:53:19.232Z"}
{"level":"info","message":"User 692ea794cfd3f9e463219854 joined conversation 692ea79ecfd3f9e463219861","timestamp":"2025-12-02T08:53:44.593Z"}
{"level":"info","message":"User 692ea762cfd3f9e463219847 joined conversation 692ea79ecfd3f9e463219861","timestamp":"2025-12-02T08:53:46.928Z"}
{"level":"info","message":"User 692ea794cfd3f9e463219854 joined conversation 692ea79ecfd3f9e463219861","timestamp":"2025-12-02T08:53:52.577Z"}
{"level":"info","message":"User 692ea794cfd3f9e463219854 joined conversation 692ea79ecfd3f9e463219861","timestamp":"2025-12-02T08:53:56.027Z"}
{"level":"info","message":"User 692ea762cfd3f9e463219847 joined conversation 692ea79ecfd3f9e463219861","timestamp":"2025-12-02T08:53:58.315Z"}
{"level":"info","message":"Message sent in conversation 692ea79ecfd3f9e463219861","timestamp":"2025-12-02T08:54:03.186Z"}
{"level":"info","message":"User 692ea794cfd3f9e463219854 joined conversation 692ea79ecfd3f9e463219861","timestamp":"2025-12-02T08:59:49.587Z"}
{"level":"info","message":"User 692ea762cfd3f9e463219847 joined conversation 692ea79ecfd3f9e463219861","timestamp":"2025-12-02T08:59:51.038Z"}
{"level":"info","message":"User disconnected: 692ea762cfd3f9e463219847 (socket: ATiA4Blk9NvAfd1ZAAAb)","timestamp":"2025-12-02T08:59:53.657Z"}
{"level":"info","message":"User connected: 692ea762cfd3f9e463219847 (socket: PcJv3AuxJMqea97vAAAd)","timestamp":"2025-12-02T08:59:55.263Z"}
{"level":"info","message":"User connected: 692ea762cfd3f9e463219847 (socket: koA0Ua3IzT8HVtg2AAAf)","timestamp":"2025-12-02T08:59:55.446Z"}
{"level":"info","message":"User 692ea762cfd3f9e463219847 joined conversation 692ea79ecfd3f9e463219861","timestamp":"2025-12-02T08:59:56.245Z"}
{"level":"info","message":"User 692ea762cfd3f9e463219847 joined conversation 692ea79ecfd3f9e463219861","timestamp":"2025-12-02T08:59:56.798Z"}
{"level":"info","message":"User disconnected: 692ea762cfd3f9e463219847 (socket: PcJv3AuxJMqea97vAAAd)","timestamp":"2025-12-02T09:00:03.554Z"}
{"level":"info","message":"User disconnected: 692ea762cfd3f9e463219847 (socket: koA0Ua3IzT8HVtg2AAAf)","timestamp":"2025-12-02T09:00:03.601Z"}
{"level":"info","message":"User connected: 692ea762cfd3f9e463219847 (socket: jpuPEy_6Ay60RJlrAAAi)","timestamp":"2025-12-02T09:00:03.888Z"}
{"level":"info","message":"User connected: 692ea762cfd3f9e463219847 (socket: SikDRgULSwP8iQHwAAAj)","timestamp":"2025-12-02T09:00:03.906Z"}
{"level":"info","message":"User 692ea762cfd3f9e463219847 joined conversation 692ea79ecfd3f9e463219861","timestamp":"2025-12-02T09:00:04.049Z"}
{"level":"info","message":"User disconnected: 692ea794cfd3f9e463219854 (socket: 8WpH_J1dYd5Y6oNhAAAR)","timestamp":"2025-12-02T09:00:05.665Z"}
{"level":"info","message":"User connected: 692ea794cfd3f9e463219854 (socket: 6ZxKozgdDynZxDtuAAAm)","timestamp":"2025-12-02T09:00:06.726Z"}
{"level":"info","message":"User connected: 692ea794cfd3f9e463219854 (socket: TmUXrEh84iNXzbYSAAAn)","timestamp":"2025-12-02T09:00:06.774Z"}
{"level":"info","message":"User 692ea794cfd3f9e463219854 joined conversation 692ea79ecfd3f9e463219861","timestamp":"2025-12-02T09:00:06.975Z"}
{"level":"info","message":"User 692ea794cfd3f9e463219854 joined conversation 692ea79ecfd3f9e463219861","timestamp":"2025-12-02T09:00:06.994Z"}
{"level":"info","message":"Message sent in conversation 692ea79ecfd3f9e463219861","timestamp":"2025-12-02T09:00:09.463Z"}
{"level":"info","message":"Message sent in conversation 692ea79ecfd3f9e463219861","timestamp":"2025-12-02T09:00:14.802Z"}
{"level":"info","message":"User 692ea794cfd3f9e463219854 joined conversation 692ea79ecfd3f9e463219861","timestamp":"2025-12-02T09:00:24.441Z"}
{"level":"info","message":"User 692ea762cfd3f9e463219847 joined conversation 692ea79ecfd3f9e463219861","timestamp":"2025-12-02T09:00:25.293Z"}
{"level":"info","message":"User 692ea794cfd3f9e463219854 joined conversation 692ea79ecfd3f9e463219861","timestamp":"2025-12-02T09:00:33.132Z"}
{"level":"info","message":"User 692ea762cfd3f9e463219847 joined conversation 692ea79ecfd3f9e463219861","timestamp":"2025-12-02T09:00:33.153Z"}
{"level":"info","message":"Message sent in conversation 692ea79ecfd3f9e463219861","timestamp":"2025-12-02T09:00:38.009Z"}
{"level":"info","message":"Message sent in conversation 692ea79ecfd3f9e463219861","timestamp":"2025-12-02T09:00:40.880Z"}
{"level":"info","message":"Message sent in conversation 692ea79ecfd3f9e463219861","timestamp":"2025-12-02T09:00:46.474Z"}
{"level":"info","message":"User 692ea794cfd3f9e463219854 joined conversation 692ea79ecfd3f9e463219861","timestamp":"2025-12-02T09:00:57.993Z"}
{"level":"info","message":"User 692ea762cfd3f9e463219847 joined conversation 692ea79ecfd3f9e463219861","timestamp":"2025-12-02T09:00:59.305Z"}
{"level":"info","message":"User disconnected: 692ea794cfd3f9e463219854 (socket: 6ZxKozgdDynZxDtuAAAm)","timestamp":"2025-12-02T09:02:18.091Z"}
{"level":"info","message":"User disconnected: 692ea794cfd3f9e463219854 (socket: TmUXrEh84iNXzbYSAAAn)","timestamp":"2025-12-02T09:02:18.112Z"}
{"expiredAt":"2025-12-02T09:02:16.000Z","level":"error","message":"Socket authentication error: jwt expired","name":"TokenExpiredError","stack":"TokenExpiredError: jwt expired\n    at C:\\Users\\sudhi\\OneDrive\\Desktop\\study\\webrtc\\server\\node_modules\\jsonwebtoken\\verify.js:190:21\n    at getSecret (C:\\Users\\sudhi\\OneDrive\\Desktop\\study\\webrtc\\server\\node_modules\\jsonwebtoken\\verify.js:97:14)\n    at module.exports [as verify] (C:\\Users\\sudhi\\OneDrive\\Desktop\\study\\webrtc\\server\\node_modules\\jsonwebtoken\\verify.js:101:10)\n    at Array.<anonymous> (file:///C:/Users/sudhi/OneDrive/Desktop/study/webrtc/server/src/config/socket.js:22:27)\n    at run (C:\\Users\\sudhi\\OneDrive\\Desktop\\study\\webrtc\\server\\node_modules\\socket.io\\dist\\namespace.js:130:19)\n    at Namespace.run (C:\\Users\\sudhi\\OneDrive\\Desktop\\study\\webrtc\\server\\node_modules\\socket.io\\dist\\namespace.js:141:9)\n    at Namespace._add (C:\\Users\\sudhi\\OneDrive\\Desktop\\study\\webrtc\\server\\node_modules\\socket.io\\dist\\namespace.js:218:14)\n    at process.processTicksAndRejections (node:internal/process/task_queues:105:5)","timestamp":"2025-12-02T09:02:19.465Z"}
{"expiredAt":"2025-12-02T09:02:16.000Z","level":"error","message":"Socket authentication error: jwt expired","name":"TokenExpiredError","stack":"TokenExpiredError: jwt expired\n    at C:\\Users\\sudhi\\OneDrive\\Desktop\\study\\webrtc\\server\\node_modules\\jsonwebtoken\\verify.js:190:21\n    at getSecret (C:\\Users\\sudhi\\OneDrive\\Desktop\\study\\webrtc\\server\\node_modules\\jsonwebtoken\\verify.js:97:14)\n    at module.exports [as verify] (C:\\Users\\sudhi\\OneDrive\\Desktop\\study\\webrtc\\server\\node_modules\\jsonwebtoken\\verify.js:101:10)\n    at Array.<anonymous> (file:///C:/Users/sudhi/OneDrive/Desktop/study/webrtc/server/src/config/socket.js:22:27)\n    at run (C:\\Users\\sudhi\\OneDrive\\Desktop\\study\\webrtc\\server\\node_modules\\socket.io\\dist\\namespace.js:130:19)\n    at Namespace.run (C:\\Users\\sudhi\\OneDrive\\Desktop\\study\\webrtc\\server\\node_modules\\socket.io\\dist\\namespace.js:141:9)\n    at Namespace._add (C:\\Users\\sudhi\\OneDrive\\Desktop\\study\\webrtc\\server\\node_modules\\socket.io\\dist\\namespace.js:218:14)\n    at process.processTicksAndRejections (node:internal/process/task_queues:105:5)","timestamp":"2025-12-02T09:02:19.523Z"}
{"level":"info","message":"User 692ea762cfd3f9e463219847 joined conversation 692ea79ecfd3f9e463219861","timestamp":"2025-12-02T09:04:16.239Z"}
{"level":"info","message":"User 692ea762cfd3f9e463219847 joined conversation 692ea79ecfd3f9e463219861","timestamp":"2025-12-02T09:04:18.525Z"}
{"level":"info","message":"User connected: 692ea794cfd3f9e463219854 (socket: QUws024tCoaS1ge-AAAt)","timestamp":"2025-12-02T09:04:22.296Z"}
{"level":"info","message":"User connected: 692ea794cfd3f9e463219854 (socket: ZWOjQO-qnNeos2GeAAAv)","timestamp":"2025-12-02T09:04:22.791Z"}
{"level":"info","message":"User 692ea794cfd3f9e463219854 joined conversation 692ea79ecfd3f9e463219861","timestamp":"2025-12-02T09:04:23.162Z"}
{"level":"info","message":"User 692ea794cfd3f9e463219854 joined conversation 692ea79ecfd3f9e463219861","timestamp":"2025-12-02T09:04:23.268Z"}
{"level":"info","message":"Message sent in conversation 692ea79ecfd3f9e463219861","timestamp":"2025-12-02T09:04:31.392Z"}
{"level":"info","message":"Message sent in conversation 692ea79ecfd3f9e463219861","timestamp":"2025-12-02T09:04:36.806Z"}
{"level":"info","message":"User disconnected: 692ea762cfd3f9e463219847 (socket: jpuPEy_6Ay60RJlrAAAi)","timestamp":"2025-12-02T09:04:40.136Z"}
{"level":"info","message":"User disconnected: 692ea762cfd3f9e463219847 (socket: SikDRgULSwP8iQHwAAAj)","timestamp":"2025-12-02T09:04:40.141Z"}
{"level":"info","message":"User connected: 692ea762cfd3f9e463219847 (socket: 2Rp_K6cfo76P4iS5AAAy)","timestamp":"2025-12-02T09:04:40.475Z"}
{"level":"info","message":"User connected: 692ea762cfd3f9e463219847 (socket: LovUEmW4r6IB5VWQAAAz)","timestamp":"2025-12-02T09:04:40.481Z"}
{"level":"info","message":"User 692ea762cfd3f9e463219847 joined conversation 692ea79ecfd3f9e463219861","timestamp":"2025-12-02T09:04:40.590Z"}
{"level":"info","message":"User 692ea762cfd3f9e463219847 joined conversation 692ea79ecfd3f9e463219861","timestamp":"2025-12-02T09:04:40.663Z"}
{"level":"info","message":"User 692ea794cfd3f9e463219854 joined conversation 692ea79ecfd3f9e463219861","timestamp":"2025-12-02T09:04:44.478Z"}
{"level":"info","message":"Message sent in conversation 692ea79ecfd3f9e463219861","timestamp":"2025-12-02T09:04:48.231Z"}
{"level":"info","message":"Message sent in conversation 692ea79ecfd3f9e463219861","timestamp":"2025-12-02T09:04:52.691Z"}
{"level":"info","message":"User disconnected: 692ea794cfd3f9e463219854 (socket: QUws024tCoaS1ge-AAAt)","timestamp":"2025-12-02T09:04:55.759Z"}
{"level":"info","message":"User disconnected: 692ea794cfd3f9e463219854 (socket: ZWOjQO-qnNeos2GeAAAv)","timestamp":"2025-12-02T09:04:55.771Z"}
{"level":"info","message":"User connected: 692ea794cfd3f9e463219854 (socket: 29nkdwAeR1qCYIrqAAA2)","timestamp":"2025-12-02T09:04:56.146Z"}
{"level":"info","message":"User connected: 692ea794cfd3f9e463219854 (socket: CgIbdpbQ7jvvEzbNAAA3)","timestamp":"2025-12-02T09:04:56.153Z"}
{"level":"info","message":"User 692ea794cfd3f9e463219854 joined conversation 692ea79ecfd3f9e463219861","timestamp":"2025-12-02T09:04:56.274Z"}
{"level":"info","message":"User 692ea794cfd3f9e463219854 joined conversation 692ea79ecfd3f9e463219861","timestamp":"2025-12-02T09:04:56.292Z"}
{"level":"info","message":"User disconnected: 692ea762cfd3f9e463219847 (socket: 2Rp_K6cfo76P4iS5AAAy)","timestamp":"2025-12-02T09:04:58.111Z"}
{"level":"info","message":"User disconnected: 692ea762cfd3f9e463219847 (socket: LovUEmW4r6IB5VWQAAAz)","timestamp":"2025-12-02T09:04:58.159Z"}
{"level":"info","message":"User connected: 692ea762cfd3f9e463219847 (socket: B42hJWwztpE5kms_AAA6)","timestamp":"2025-12-02T09:04:58.317Z"}
{"level":"info","message":"User connected: 692ea762cfd3f9e463219847 (socket: xq-SWQGXMRPCIdzeAAA7)","timestamp":"2025-12-02T09:04:58.329Z"}
{"level":"info","message":"User 692ea762cfd3f9e463219847 joined conversation 692ea79ecfd3f9e463219861","timestamp":"2025-12-02T09:04:58.420Z"}
{"level":"info","message":"User 692ea762cfd3f9e463219847 joined conversation 692ea79ecfd3f9e463219861","timestamp":"2025-12-02T09:04:58.461Z"}
{"level":"info","message":"Message sent in conversation 692ea79ecfd3f9e463219861","timestamp":"2025-12-02T09:05:01.761Z"}
{"level":"info","message":"Message sent in conversation 692ea79ecfd3f9e463219861","timestamp":"2025-12-02T09:05:04.104Z"}
{"level":"info","message":"User 692ea794cfd3f9e463219854 joined conversation 692ea79ecfd3f9e463219861","timestamp":"2025-12-02T09:05:29.705Z"}
{"level":"info","message":"User 692ea762cfd3f9e463219847 joined conversation 692ea79ecfd3f9e463219861","timestamp":"2025-12-02T09:05:31.683Z"}
{"level":"info","message":"User 692ea794cfd3f9e463219854 joined conversation 692ea79ecfd3f9e463219861","timestamp":"2025-12-02T09:06:51.509Z"}
{"level":"info","message":"User 692ea762cfd3f9e463219847 joined conversation 692ea79ecfd3f9e463219861","timestamp":"2025-12-02T09:06:51.865Z"}
{"level":"info","message":"User 692ea794cfd3f9e463219854 joined conversation 692ea79ecfd3f9e463219861","timestamp":"2025-12-02T09:06:55.802Z"}
{"level":"info","message":"User 692ea762cfd3f9e463219847 joined conversation 692ea79ecfd3f9e463219861","timestamp":"2025-12-02T09:06:56.688Z"}
{"level":"info","message":"User 692ea794cfd3f9e463219854 joined conversation 692ea79ecfd3f9e463219861","timestamp":"2025-12-02T09:07:18.472Z"}
{"level":"info","message":"User 692ea762cfd3f9e463219847 joined conversation 692ea79ecfd3f9e463219861","timestamp":"2025-12-02T09:07:20.910Z"}
{"level":"info","message":"User 692ea794cfd3f9e463219854 joined conversation 692ea79ecfd3f9e463219861","timestamp":"2025-12-02T09:07:25.232Z"}
{"level":"info","message":"User 692ea762cfd3f9e463219847 joined conversation 692ea79ecfd3f9e463219861","timestamp":"2025-12-02T09:07:26.915Z"}
{"level":"info","message":"User 692ea794cfd3f9e463219854 joined conversation 692ea79ecfd3f9e463219861","timestamp":"2025-12-02T09:07:27.688Z"}
{"level":"info","message":"User 692ea762cfd3f9e463219847 joined conversation 692ea79ecfd3f9e463219861","timestamp":"2025-12-02T09:07:29.627Z"}
{"level":"info","message":"MongoDB connected successfully","timestamp":"2025-12-02T09:08:22.709Z"}
{"level":"info","message":"Redis client connected","timestamp":"2025-12-02T09:08:22.730Z"}
{"level":"info","message":"Redis pub client connected","timestamp":"2025-12-02T09:08:22.779Z"}
{"level":"info","message":"Redis sub client connected","timestamp":"2025-12-02T09:08:22.810Z"}
{"level":"info","message":"Redis connected successfully","timestamp":"2025-12-02T09:08:22.879Z"}
{"level":"info","message":"Socket.IO configured successfully","timestamp":"2025-12-02T09:08:22.889Z"}
{"level":"info","message":"Socket.IO configured with Redis adapter","timestamp":"2025-12-02T09:08:22.895Z"}
{"level":"info","message":"Server running on port 5000 in development mode","timestamp":"2025-12-02T09:08:22.919Z"}
{"level":"info","message":"User connected: 692ea794cfd3f9e463219854 (socket: ai-ox961kV2-jAHUAAAB)","timestamp":"2025-12-02T09:08:23.052Z"}
{"level":"info","message":"User connected: 692ea794cfd3f9e463219854 (socket: 4vD5esWyDb_73tVqAAAE)","timestamp":"2025-12-02T09:08:23.640Z"}
{"level":"info","message":"User connected: 692ea762cfd3f9e463219847 (socket: kBegR6TKeIDnNkNSAAAF)","timestamp":"2025-12-02T09:08:23.714Z"}
{"level":"info","message":"User connected: 692ea762cfd3f9e463219847 (socket: mwPROKk8I86ZVcyHAAAH)","timestamp":"2025-12-02T09:08:25.429Z"}
{"level":"info","message":"MongoDB connected successfully","timestamp":"2025-12-02T09:09:26.467Z"}
{"level":"info","message":"Redis client connected","timestamp":"2025-12-02T09:09:26.754Z"}
{"level":"info","message":"Redis pub client connected","timestamp":"2025-12-02T09:09:26.939Z"}
{"level":"info","message":"Redis sub client connected","timestamp":"2025-12-02T09:09:27.021Z"}
{"level":"info","message":"Redis connected successfully","timestamp":"2025-12-02T09:09:27.038Z"}
{"level":"info","message":"Socket.IO configured successfully","timestamp":"2025-12-02T09:09:27.041Z"}
{"level":"info","message":"Socket.IO configured with Redis adapter","timestamp":"2025-12-02T09:09:27.047Z"}
{"level":"info","message":"Server running on port 5000 in development mode","timestamp":"2025-12-02T09:09:27.067Z"}
{"level":"info","message":"User connected: 692ea762cfd3f9e463219847 (socket: vijjzw14vBGha5dMAAAB)","timestamp":"2025-12-02T09:09:27.158Z"}
{"level":"info","message":"User connected: 692ea794cfd3f9e463219854 (socket: aI6mXZ43vlM0Z8U_AAAD)","timestamp":"2025-12-02T09:09:27.186Z"}
{"level":"info","message":"User connected: 692ea794cfd3f9e463219854 (socket: YHbU2Rbr_nG50q5pAAAF)","timestamp":"2025-12-02T09:09:28.435Z"}
{"level":"info","message":"User connected: 692ea762cfd3f9e463219847 (socket: 7Gl_hQG0O610RKAYAAAH)","timestamp":"2025-12-02T09:09:29.566Z"}
{"level":"info","message":"User 692ea794cfd3f9e463219854 joined conversation 692ea79ecfd3f9e463219861","timestamp":"2025-12-02T09:11:08.088Z"}
{"level":"info","message":"User 692ea794cfd3f9e463219854 joined conversation 692ea79ecfd3f9e463219861","timestamp":"2025-12-02T09:11:08.098Z"}
{"level":"info","message":"User 692ea762cfd3f9e463219847 joined conversation 692ea79ecfd3f9e463219861","timestamp":"2025-12-02T09:11:10.839Z"}
{"level":"info","message":"User 692ea762cfd3f9e463219847 joined conversation 692ea79ecfd3f9e463219861","timestamp":"2025-12-02T09:11:10.860Z"}
{"level":"info","message":"User 692ea794cfd3f9e463219854 joined conversation 692ea79ecfd3f9e463219861","timestamp":"2025-12-02T09:11:18.866Z"}
{"level":"info","message":"User 692ea762cfd3f9e463219847 joined conversation 692ea79ecfd3f9e463219861","timestamp":"2025-12-02T09:11:19.654Z"}
{"level":"info","message":"User 692ea794cfd3f9e463219854 joined conversation 692ea79ecfd3f9e463219861","timestamp":"2025-12-02T09:11:25.376Z"}
{"level":"info","message":"User 692ea762cfd3f9e463219847 joined conversation 692ea79ecfd3f9e463219861","timestamp":"2025-12-02T09:11:25.403Z"}
{"level":"info","message":"Message sent in conversation 692ea79ecfd3f9e463219861","timestamp":"2025-12-02T09:11:29.110Z"}
{"level":"info","message":"Message sent in conversation 692ea79ecfd3f9e463219861","timestamp":"2025-12-02T09:11:36.818Z"}
{"level":"info","message":"User 692ea762cfd3f9e463219847 joined conversation 692ea79ecfd3f9e463219861","timestamp":"2025-12-02T09:11:47.305Z"}
{"level":"info","message":"User 692ea794cfd3f9e463219854 joined conversation 692ea79ecfd3f9e463219861","timestamp":"2025-12-02T09:11:48.211Z"}
{"level":"info","message":"User 692ea762cfd3f9e463219847 joined conversation 692ea79ecfd3f9e463219861","timestamp":"2025-12-02T09:11:52.613Z"}
{"level":"info","message":"User 692ea794cfd3f9e463219854 joined conversation 692ea79ecfd3f9e463219861","timestamp":"2025-12-02T09:11:52.651Z"}
{"level":"info","message":"User 692ea762cfd3f9e463219847 joined conversation 692ea79ecfd3f9e463219861","timestamp":"2025-12-02T09:12:35.425Z"}
{"level":"info","message":"User 692ea794cfd3f9e463219854 joined conversation 692ea79ecfd3f9e463219861","timestamp":"2025-12-02T09:12:35.684Z"}
{"level":"info","message":"User 692ea762cfd3f9e463219847 joined conversation 692ea79ecfd3f9e463219861","timestamp":"2025-12-02T09:12:38.332Z"}
{"level":"info","message":"User 692ea794cfd3f9e463219854 joined conversation 692ea79ecfd3f9e463219861","timestamp":"2025-12-02T09:12:39.019Z"}
{"level":"info","message":"User 692ea762cfd3f9e463219847 joined conversation 692ea79ecfd3f9e463219861","timestamp":"2025-12-02T09:12:54.136Z"}
{"level":"info","message":"User 692ea794cfd3f9e463219854 joined conversation 692ea79ecfd3f9e463219861","timestamp":"2025-12-02T09:12:54.815Z"}
{"level":"info","message":"User 692ea762cfd3f9e463219847 joined conversation 692ea79ecfd3f9e463219861","timestamp":"2025-12-02T09:13:01.804Z"}
{"level":"info","message":"User 692ea794cfd3f9e463219854 joined conversation 692ea79ecfd3f9e463219861","timestamp":"2025-12-02T09:13:01.909Z"}
{"level":"info","message":"User 692ea762cfd3f9e463219847 joined conversation 692ea79ecfd3f9e463219861","timestamp":"2025-12-02T09:13:04.212Z"}
{"level":"info","message":"User 692ea794cfd3f9e463219854 joined conversation 692ea79ecfd3f9e463219861","timestamp":"2025-12-02T09:13:05.127Z"}
{"level":"info","message":"User 692ea762cfd3f9e463219847 joined conversation 692ea79ecfd3f9e463219861","timestamp":"2025-12-02T09:13:16.331Z"}
{"level":"info","message":"User 692ea794cfd3f9e463219854 joined conversation 692ea79ecfd3f9e463219861","timestamp":"2025-12-02T09:13:16.412Z"}
{"level":"info","message":"User 692ea762cfd3f9e463219847 joined conversation 692ea79ecfd3f9e463219861","timestamp":"2025-12-02T09:13:17.762Z"}
{"level":"info","message":"User 692ea794cfd3f9e463219854 joined conversation 692ea79ecfd3f9e463219861","timestamp":"2025-12-02T09:13:17.967Z"}
{"level":"info","message":"User 692ea762cfd3f9e463219847 joined conversation 692ea79ecfd3f9e463219861","timestamp":"2025-12-02T09:13:25.973Z"}
{"level":"info","message":"User 692ea794cfd3f9e463219854 joined conversation 692ea79ecfd3f9e463219861","timestamp":"2025-12-02T09:13:27.143Z"}
{"level":"info","message":"User 692ea794cfd3f9e463219854 joined conversation 692ea79ecfd3f9e463219861","timestamp":"2025-12-02T09:13:31.288Z"}
{"level":"info","message":"User 692ea762cfd3f9e463219847 joined conversation 692ea79ecfd3f9e463219861","timestamp":"2025-12-02T09:13:31.300Z"}
{"level":"info","message":"User 692ea762cfd3f9e463219847 joined conversation 692ea79ecfd3f9e463219861","timestamp":"2025-12-02T09:13:37.102Z"}
{"level":"info","message":"User 692ea794cfd3f9e463219854 joined conversation 692ea79ecfd3f9e463219861","timestamp":"2025-12-02T09:13:37.432Z"}
{"level":"info","message":"User 692ea762cfd3f9e463219847 joined conversation 692ea79ecfd3f9e463219861","timestamp":"2025-12-02T09:13:40.291Z"}
{"level":"info","message":"User 692ea794cfd3f9e463219854 joined conversation 692ea79ecfd3f9e463219861","timestamp":"2025-12-02T09:13:40.721Z"}
{"level":"info","message":"User 692ea762cfd3f9e463219847 joined conversation 692ea79ecfd3f9e463219861","timestamp":"2025-12-02T09:13:42.455Z"}
{"level":"info","message":"User 692ea794cfd3f9e463219854 joined conversation 692ea79ecfd3f9e463219861","timestamp":"2025-12-02T09:13:42.713Z"}
{"level":"info","message":"User 692ea762cfd3f9e463219847 joined conversation 692ea79ecfd3f9e463219861","timestamp":"2025-12-02T09:13:45.455Z"}
{"level":"info","message":"User 692ea794cfd3f9e463219854 joined conversation 692ea79ecfd3f9e463219861","timestamp":"2025-12-02T09:13:45.721Z"}
{"level":"info","message":"User 692ea762cfd3f9e463219847 joined conversation 692ea79ecfd3f9e463219861","timestamp":"2025-12-02T09:13:49.293Z"}
{"level":"info","message":"User 692ea794cfd3f9e463219854 joined conversation 692ea79ecfd3f9e463219861","timestamp":"2025-12-02T09:13:49.624Z"}
{"level":"info","message":"User 692ea762cfd3f9e463219847 joined conversation 692ea79ecfd3f9e463219861","timestamp":"2025-12-02T09:14:17.992Z"}
{"level":"info","message":"User 692ea762cfd3f9e463219847 joined conversation 692ea79ecfd3f9e463219861","timestamp":"2025-12-02T09:14:18.149Z"}
{"level":"info","message":"User 692ea794cfd3f9e463219854 joined conversation 692ea79ecfd3f9e463219861","timestamp":"2025-12-02T09:14:18.213Z"}
{"level":"info","message":"User 692ea794cfd3f9e463219854 joined conversation 692ea79ecfd3f9e463219861","timestamp":"2025-12-02T09:14:18.276Z"}
{"level":"info","message":"User 692ea762cfd3f9e463219847 joined conversation 692ea79ecfd3f9e463219861","timestamp":"2025-12-02T09:14:25.361Z"}
{"level":"info","message":"User 692ea794cfd3f9e463219854 joined conversation 692ea79ecfd3f9e463219861","timestamp":"2025-12-02T09:14:25.485Z"}
{"level":"info","message":"User 692ea762cfd3f9e463219847 joined conversation 692ea79ecfd3f9e463219861","timestamp":"2025-12-02T09:14:28.416Z"}
{"level":"info","message":"User 692ea794cfd3f9e463219854 joined conversation 692ea79ecfd3f9e463219861","timestamp":"2025-12-02T09:14:28.483Z"}
{"level":"info","message":"User 692ea762cfd3f9e463219847 joined conversation 692ea79ecfd3f9e463219861","timestamp":"2025-12-02T09:14:40.775Z"}
{"level":"info","message":"User 692ea794cfd3f9e463219854 joined conversation 692ea79ecfd3f9e463219861","timestamp":"2025-12-02T09:14:40.845Z"}
{"level":"info","message":"User 692ea762cfd3f9e463219847 joined conversation 692ea79ecfd3f9e463219861","timestamp":"2025-12-02T09:14:40.896Z"}
{"level":"info","message":"User 692ea794cfd3f9e463219854 joined conversation 692ea79ecfd3f9e463219861","timestamp":"2025-12-02T09:14:40.932Z"}
{"level":"info","message":"User 692ea794cfd3f9e463219854 joined conversation 692ea79ecfd3f9e463219861","timestamp":"2025-12-02T09:14:42.648Z"}
{"level":"info","message":"User 692ea762cfd3f9e463219847 joined conversation 692ea79ecfd3f9e463219861","timestamp":"2025-12-02T09:14:42.747Z"}
{"level":"info","message":"User 692ea794cfd3f9e463219854 joined conversation 692ea79ecfd3f9e463219861","timestamp":"2025-12-02T09:14:58.597Z"}
{"level":"info","message":"User 692ea762cfd3f9e463219847 joined conversation 692ea79ecfd3f9e463219861","timestamp":"2025-12-02T09:15:00.843Z"}
{"level":"info","message":"User 692ea794cfd3f9e463219854 joined conversation 692ea79ecfd3f9e463219861","timestamp":"2025-12-02T09:15:01.165Z"}
{"level":"info","message":"User 692ea762cfd3f9e463219847 joined conversation 692ea79ecfd3f9e463219861","timestamp":"2025-12-02T09:15:02.063Z"}
{"level":"info","message":"Message sent in conversation 692ea79ecfd3f9e463219861","timestamp":"2025-12-02T09:15:13.669Z"}
{"level":"info","message":"Message sent in conversation 692ea79ecfd3f9e463219861","timestamp":"2025-12-02T09:15:18.870Z"}
{"level":"info","message":"User disconnected: 692ea794cfd3f9e463219854 (socket: YHbU2Rbr_nG50q5pAAAF)","timestamp":"2025-12-02T09:15:21.144Z"}
{"level":"info","message":"User disconnected: 692ea794cfd3f9e463219854 (socket: aI6mXZ43vlM0Z8U_AAAD)","timestamp":"2025-12-02T09:15:21.147Z"}
{"level":"info","message":"User connected: 692ea794cfd3f9e463219854 (socket: -PbMRJGmgqh-m6KoAAAK)","timestamp":"2025-12-02T09:15:21.945Z"}
{"level":"info","message":"User connected: 692ea794cfd3f9e463219854 (socket: lSSEWe_FwMJgTPaTAAAL)","timestamp":"2025-12-02T09:15:21.947Z"}
{"level":"info","message":"User 692ea794cfd3f9e463219854 joined conversation 692ea79ecfd3f9e463219861","timestamp":"2025-12-02T09:15:22.080Z"}
{"level":"info","message":"User 692ea794cfd3f9e463219854 joined conversation 692ea79ecfd3f9e463219861","timestamp":"2025-12-02T09:15:22.128Z"}
{"level":"info","message":"Message sent in conversation 692ea79ecfd3f9e463219861","timestamp":"2025-12-02T09:15:24.964Z"}
{"level":"info","message":"User disconnected: 692ea762cfd3f9e463219847 (socket: 7Gl_hQG0O610RKAYAAAH)","timestamp":"2025-12-02T09:15:28.040Z"}
{"level":"info","message":"User disconnected: 692ea762cfd3f9e463219847 (socket: vijjzw14vBGha5dMAAAB)","timestamp":"2025-12-02T09:15:28.043Z"}
{"level":"info","message":"User connected: 692ea762cfd3f9e463219847 (socket: WnpbV8PgIG41HM-aAAAO)","timestamp":"2025-12-02T09:15:28.527Z"}
{"level":"info","message":"User connected: 692ea762cfd3f9e463219847 (socket: iP_70oPO--4TzyeiAAAP)","timestamp":"2025-12-02T09:15:28.544Z"}
{"level":"info","message":"User 692ea762cfd3f9e463219847 joined conversation 692ea79ecfd3f9e463219861","timestamp":"2025-12-02T09:15:29.036Z"}
{"level":"info","message":"User 692ea762cfd3f9e463219847 joined conversation 692ea79ecfd3f9e463219861","timestamp":"2025-12-02T09:15:29.188Z"}
{"level":"info","message":"Message sent in conversation 692ea79ecfd3f9e463219861","timestamp":"2025-12-02T09:15:31.738Z"}
{"level":"info","message":"Message sent in conversation 692ea79ecfd3f9e463219861","timestamp":"2025-12-02T09:15:35.444Z"}
{"level":"info","message":"User 692ea794cfd3f9e463219854 joined conversation 692ea79ecfd3f9e463219861","timestamp":"2025-12-02T09:15:56.835Z"}
{"level":"info","message":"User 692ea762cfd3f9e463219847 joined conversation 692ea79ecfd3f9e463219861","timestamp":"2025-12-02T09:15:57.833Z"}
{"level":"info","message":"Message sent in conversation 692ea79ecfd3f9e463219861","timestamp":"2025-12-02T09:17:35.661Z"}
{"level":"info","message":"Message sent in conversation 692ea79ecfd3f9e463219861","timestamp":"2025-12-02T09:17:41.569Z"}
{"level":"info","message":"User disconnected: 692ea762cfd3f9e463219847 (socket: WnpbV8PgIG41HM-aAAAO)","timestamp":"2025-12-02T09:17:59.056Z"}
{"level":"info","message":"User disconnected: 692ea762cfd3f9e463219847 (socket: iP_70oPO--4TzyeiAAAP)","timestamp":"2025-12-02T09:17:59.228Z"}
{"level":"info","message":"User connected: 692ea762cfd3f9e463219847 (socket: O23TkggXVV_FCHMUAAAR)","timestamp":"2025-12-02T09:17:59.378Z"}
{"level":"info","message":"User 692ea762cfd3f9e463219847 joined conversation 692ea79ecfd3f9e463219861","timestamp":"2025-12-02T09:17:59.647Z"}
{"level":"info","message":"User 692ea762cfd3f9e463219847 joined conversation 692ea79ecfd3f9e463219861","timestamp":"2025-12-02T09:17:59.745Z"}
{"level":"info","message":"Message sent in conversation 692ea79ecfd3f9e463219861","timestamp":"2025-12-02T09:18:02.319Z"}
{"level":"info","message":"Message sent in conversation 692ea79ecfd3f9e463219861","timestamp":"2025-12-02T09:18:04.639Z"}
{"level":"info","message":"Message sent in conversation 692ea79ecfd3f9e463219861","timestamp":"2025-12-02T09:18:24.534Z"}
{"level":"info","message":"User 692ea794cfd3f9e463219854 joined conversation 692ea79ecfd3f9e463219861","timestamp":"2025-12-02T09:18:58.927Z"}
{"level":"info","message":"User 692ea762cfd3f9e463219847 joined conversation 692ea79ecfd3f9e463219861","timestamp":"2025-12-02T09:18:58.992Z"}
{"level":"info","message":"User 692ea794cfd3f9e463219854 joined conversation 692ea79ecfd3f9e463219861","timestamp":"2025-12-02T09:19:03.616Z"}
{"level":"info","message":"User 692ea762cfd3f9e463219847 joined conversation 692ea79ecfd3f9e463219861","timestamp":"2025-12-02T09:19:03.748Z"}
{"level":"info","message":"User 692ea794cfd3f9e463219854 joined conversation 692ea79ecfd3f9e463219861","timestamp":"2025-12-02T09:19:05.236Z"}
{"level":"info","message":"User 692ea762cfd3f9e463219847 joined conversation 692ea79ecfd3f9e463219861","timestamp":"2025-12-02T09:19:05.301Z"}
{"level":"info","message":"User 692ea762cfd3f9e463219847 joined conversation 692ea79ecfd3f9e463219861","timestamp":"2025-12-02T09:19:09.233Z"}
{"level":"info","message":"User 692ea794cfd3f9e463219854 joined conversation 692ea79ecfd3f9e463219861","timestamp":"2025-12-02T09:19:09.250Z"}
{"level":"info","message":"Message sent in conversation 692ea79ecfd3f9e463219861","timestamp":"2025-12-02T09:19:22.822Z"}
{"level":"info","message":"User disconnected: 692ea762cfd3f9e463219847 (socket: O23TkggXVV_FCHMUAAAR)","timestamp":"2025-12-02T09:19:43.161Z"}
{"expiredAt":"2025-12-02T09:19:16.000Z","level":"error","message":"Socket authentication error: jwt expired","name":"TokenExpiredError","stack":"TokenExpiredError: jwt expired\n    at C:\\Users\\sudhi\\OneDrive\\Desktop\\study\\webrtc\\server\\node_modules\\jsonwebtoken\\verify.js:190:21\n    at getSecret (C:\\Users\\sudhi\\OneDrive\\Desktop\\study\\webrtc\\server\\node_modules\\jsonwebtoken\\verify.js:97:14)\n    at module.exports [as verify] (C:\\Users\\sudhi\\OneDrive\\Desktop\\study\\webrtc\\server\\node_modules\\jsonwebtoken\\verify.js:101:10)\n    at Array.<anonymous> (file:///C:/Users/sudhi/OneDrive/Desktop/study/webrtc/server/src/config/socket.js:22:27)\n    at run (C:\\Users\\sudhi\\OneDrive\\Desktop\\study\\webrtc\\server\\node_modules\\socket.io\\dist\\namespace.js:130:19)\n    at Namespace.run (C:\\Users\\sudhi\\OneDrive\\Desktop\\study\\webrtc\\server\\node_modules\\socket.io\\dist\\namespace.js:141:9)\n    at Namespace._add (C:\\Users\\sudhi\\OneDrive\\Desktop\\study\\webrtc\\server\\node_modules\\socket.io\\dist\\namespace.js:218:14)\n    at process.processTicksAndRejections (node:internal/process/task_queues:105:5)","timestamp":"2025-12-02T09:19:45.072Z"}
{"expiredAt":"2025-12-02T09:19:16.000Z","level":"error","message":"Socket authentication error: jwt expired","name":"TokenExpiredError","stack":"TokenExpiredError: jwt expired\n    at C:\\Users\\sudhi\\OneDrive\\Desktop\\study\\webrtc\\server\\node_modules\\jsonwebtoken\\verify.js:190:21\n    at getSecret (C:\\Users\\sudhi\\OneDrive\\Desktop\\study\\webrtc\\server\\node_modules\\jsonwebtoken\\verify.js:97:14)\n    at module.exports [as verify] (C:\\Users\\sudhi\\OneDrive\\Desktop\\study\\webrtc\\server\\node_modules\\jsonwebtoken\\verify.js:101:10)\n    at Array.<anonymous> (file:///C:/Users/sudhi/OneDrive/Desktop/study/webrtc/server/src/config/socket.js:22:27)\n    at run (C:\\Users\\sudhi\\OneDrive\\Desktop\\study\\webrtc\\server\\node_modules\\socket.io\\dist\\namespace.js:130:19)\n    at Namespace.run (C:\\Users\\sudhi\\OneDrive\\Desktop\\study\\webrtc\\server\\node_modules\\socket.io\\dist\\namespace.js:141:9)\n    at Namespace._add (C:\\Users\\sudhi\\OneDrive\\Desktop\\study\\webrtc\\server\\node_modules\\socket.io\\dist\\namespace.js:218:14)\n    at process.processTicksAndRejections (node:internal/process/task_queues:105:5)","timestamp":"2025-12-02T09:19:45.108Z"}
{"level":"info","message":"User logged in: eva@example.com","timestamp":"2025-12-02T09:20:14.102Z"}
{"level":"info","message":"User connected: 692ea762cfd3f9e463219847 (socket: ZzKGGskUd0R3G_EXAAAX)","timestamp":"2025-12-02T09:20:14.223Z"}
{"level":"info","message":"User 692ea762cfd3f9e463219847 joined conversation 692ea79ecfd3f9e463219861","timestamp":"2025-12-02T09:20:14.812Z"}
{"level":"info","message":"User 692ea762cfd3f9e463219847 joined conversation 692ea79ecfd3f9e463219861","timestamp":"2025-12-02T09:20:14.990Z"}
{"level":"info","message":"Message sent in conversation 692ea79ecfd3f9e463219861","timestamp":"2025-12-02T09:20:21.566Z"}
{"level":"info","message":"User 692ea794cfd3f9e463219854 joined conversation 692ea79ecfd3f9e463219861","timestamp":"2025-12-02T09:21:50.202Z"}
{"level":"info","message":"User 692ea762cfd3f9e463219847 joined conversation 692ea79ecfd3f9e463219861","timestamp":"2025-12-02T09:21:51.373Z"}
{"level":"info","message":"Message sent in conversation 692ea79ecfd3f9e463219861","timestamp":"2025-12-02T09:23:08.942Z"}
{"level":"info","message":"User disconnected: 692ea762cfd3f9e463219847 (socket: ZzKGGskUd0R3G_EXAAAX)","timestamp":"2025-12-02T09:23:11.206Z"}
{"level":"info","message":"User connected: 692ea762cfd3f9e463219847 (socket: ci-cmNOnTPJ8-I_TAAAZ)","timestamp":"2025-12-02T09:23:12.480Z"}
{"level":"info","message":"User connected: 692ea762cfd3f9e463219847 (socket: ltXclwfEdBIo9Fs3AAAb)","timestamp":"2025-12-02T09:23:12.559Z"}
{"level":"info","message":"User 692ea762cfd3f9e463219847 joined conversation 692ea79ecfd3f9e463219861","timestamp":"2025-12-02T09:23:13.177Z"}
{"level":"info","message":"User 692ea762cfd3f9e463219847 joined conversation 692ea79ecfd3f9e463219861","timestamp":"2025-12-02T09:23:13.342Z"}
{"level":"info","message":"User 692ea794cfd3f9e463219854 joined conversation 692ea79ecfd3f9e463219861","timestamp":"2025-12-02T09:23:22.532Z"}
{"level":"info","message":"User 692ea794cfd3f9e463219854 joined conversation 692ea79ecfd3f9e463219861","timestamp":"2025-12-02T09:24:37.296Z"}
{"level":"info","message":"User 692ea762cfd3f9e463219847 joined conversation 692ea79ecfd3f9e463219861","timestamp":"2025-12-02T09:24:37.709Z"}
{"level":"info","message":"User 692ea794cfd3f9e463219854 joined conversation 692ea79ecfd3f9e463219861","timestamp":"2025-12-02T09:24:39.593Z"}
{"level":"info","message":"User 692ea762cfd3f9e463219847 joined conversation 692ea79ecfd3f9e463219861","timestamp":"2025-12-02T09:24:41.002Z"}
{"level":"info","message":"User 692ea794cfd3f9e463219854 joined conversation 692ea79ecfd3f9e463219861","timestamp":"2025-12-02T09:24:45.246Z"}
{"level":"info","message":"User 692ea762cfd3f9e463219847 joined conversation 692ea79ecfd3f9e463219861","timestamp":"2025-12-02T09:24:46.748Z"}
{"level":"info","message":"User disconnected: 692ea762cfd3f9e463219847 (socket: ci-cmNOnTPJ8-I_TAAAZ)","timestamp":"2025-12-02T09:24:50.846Z"}
{"level":"info","message":"User disconnected: 692ea762cfd3f9e463219847 (socket: ltXclwfEdBIo9Fs3AAAb)","timestamp":"2025-12-02T09:24:51.165Z"}
{"level":"info","message":"User connected: 692ea762cfd3f9e463219847 (socket: he24_aXTM8C4nUNeAAAe)","timestamp":"2025-12-02T09:24:52.049Z"}
{"level":"info","message":"User connected: 692ea762cfd3f9e463219847 (socket: LHjVm85CnOEjNSBTAAAf)","timestamp":"2025-12-02T09:24:52.067Z"}
{"level":"info","message":"User 692ea762cfd3f9e463219847 joined conversation 692ea79ecfd3f9e463219861","timestamp":"2025-12-02T09:24:52.300Z"}
{"level":"info","message":"User 692ea762cfd3f9e463219847 joined conversation 692ea79ecfd3f9e463219861","timestamp":"2025-12-02T09:24:52.435Z"}
{"level":"info","message":"Message sent in conversation 692ea79ecfd3f9e463219861","timestamp":"2025-12-02T09:24:55.528Z"}
{"level":"info","message":"Message sent in conversation 692ea79ecfd3f9e463219861","timestamp":"2025-12-02T09:25:02.117Z"}
{"level":"info","message":"User 692ea794cfd3f9e463219854 joined conversation 692ea79ecfd3f9e463219861","timestamp":"2025-12-02T09:25:17.788Z"}
{"level":"info","message":"User 692ea762cfd3f9e463219847 joined conversation 692ea79ecfd3f9e463219861","timestamp":"2025-12-02T09:25:17.866Z"}
{"level":"info","message":"User 692ea794cfd3f9e463219854 joined conversation 692ea79ecfd3f9e463219861","timestamp":"2025-12-02T09:25:26.431Z"}
{"level":"info","message":"User 692ea762cfd3f9e463219847 joined conversation 692ea79ecfd3f9e463219861","timestamp":"2025-12-02T09:25:26.560Z"}
{"level":"info","message":"User 692ea794cfd3f9e463219854 joined conversation 692ea79ecfd3f9e463219861","timestamp":"2025-12-02T09:25:28.326Z"}
{"level":"info","message":"User 692ea762cfd3f9e463219847 joined conversation 692ea79ecfd3f9e463219861","timestamp":"2025-12-02T09:25:28.679Z"}
{"level":"info","message":"User 692ea762cfd3f9e463219847 joined conversation 692ea79ecfd3f9e463219861","timestamp":"2025-12-02T09:25:29.350Z"}
{"level":"info","message":"User 692ea794cfd3f9e463219854 joined conversation 692ea79ecfd3f9e463219861","timestamp":"2025-12-02T09:25:29.461Z"}
{"level":"info","message":"Message sent in conversation 692ea79ecfd3f9e463219861","timestamp":"2025-12-02T09:25:32.454Z"}
{"level":"info","message":"User 692ea762cfd3f9e463219847 joined conversation 692ea79ecfd3f9e463219861","timestamp":"2025-12-02T09:25:42.082Z"}
{"level":"info","message":"User 692ea794cfd3f9e463219854 joined conversation 692ea79ecfd3f9e463219861","timestamp":"2025-12-02T09:25:42.125Z"}
{"level":"info","message":"Message sent in conversation 692ea79ecfd3f9e463219861","timestamp":"2025-12-02T09:25:44.320Z"}
{"level":"info","message":"User disconnected: 692ea762cfd3f9e463219847 (socket: LHjVm85CnOEjNSBTAAAf)","timestamp":"2025-12-02T09:25:52.195Z"}
{"level":"info","message":"User disconnected: 692ea762cfd3f9e463219847 (socket: he24_aXTM8C4nUNeAAAe)","timestamp":"2025-12-02T09:25:52.629Z"}
{"level":"info","message":"User connected: 692ea762cfd3f9e463219847 (socket: xqELDJd8R6EL3mFoAAAh)","timestamp":"2025-12-02T09:25:53.601Z"}
{"level":"info","message":"User connected: 692ea762cfd3f9e463219847 (socket: rA6xMcg8GS5lXlAmAAAj)","timestamp":"2025-12-02T09:25:53.738Z"}
{"level":"info","message":"User 692ea762cfd3f9e463219847 joined conversation 692ea79ecfd3f9e463219861","timestamp":"2025-12-02T09:25:54.358Z"}
{"level":"info","message":"User 692ea762cfd3f9e463219847 joined conversation 692ea79ecfd3f9e463219861","timestamp":"2025-12-02T09:25:54.739Z"}
{"level":"info","message":"Message sent in conversation 692ea79ecfd3f9e463219861","timestamp":"2025-12-02T09:25:57.369Z"}
{"level":"info","message":"User 692ea794cfd3f9e463219854 joined conversation 692ea79ecfd3f9e463219861","timestamp":"2025-12-02T09:26:19.242Z"}
{"level":"info","message":"User 692ea762cfd3f9e463219847 joined conversation 692ea79ecfd3f9e463219861","timestamp":"2025-12-02T09:26:20.669Z"}
{"level":"info","message":"User 692ea794cfd3f9e463219854 joined conversation 692ea79ecfd3f9e463219861","timestamp":"2025-12-02T09:26:57.253Z"}
{"level":"info","message":"User 692ea762cfd3f9e463219847 joined conversation 692ea79ecfd3f9e463219861","timestamp":"2025-12-02T09:26:57.938Z"}
{"level":"info","message":"User 692ea794cfd3f9e463219854 joined conversation 692ea79ecfd3f9e463219861","timestamp":"2025-12-02T09:27:00.222Z"}
{"level":"info","message":"User 692ea762cfd3f9e463219847 joined conversation 692ea79ecfd3f9e463219861","timestamp":"2025-12-02T09:27:01.272Z"}
{"level":"info","message":"User 692ea794cfd3f9e463219854 joined conversation 692ea79ecfd3f9e463219861","timestamp":"2025-12-02T09:27:04.600Z"}
{"level":"info","message":"User 692ea762cfd3f9e463219847 joined conversation 692ea79ecfd3f9e463219861","timestamp":"2025-12-02T09:27:06.182Z"}
{"level":"info","message":"Message sent in conversation 692ea79ecfd3f9e463219861","timestamp":"2025-12-02T09:27:08.770Z"}
{"level":"info","message":"Message sent in conversation 692ea79ecfd3f9e463219861","timestamp":"2025-12-02T09:27:15.133Z"}
{"level":"info","message":"Message sent in conversation 692ea79ecfd3f9e463219861","timestamp":"2025-12-02T09:27:17.432Z"}
{"level":"info","message":"User 692ea794cfd3f9e463219854 joined conversation 692ea79ecfd3f9e463219861","timestamp":"2025-12-02T09:27:27.653Z"}
{"level":"info","message":"User 692ea762cfd3f9e463219847 joined conversation 692ea79ecfd3f9e463219861","timestamp":"2025-12-02T09:27:28.467Z"}
{"level":"info","message":"User disconnected: 692ea762cfd3f9e463219847 (socket: xqELDJd8R6EL3mFoAAAh)","timestamp":"2025-12-02T09:27:31.112Z"}
{"level":"info","message":"User disconnected: 692ea762cfd3f9e463219847 (socket: rA6xMcg8GS5lXlAmAAAj)","timestamp":"2025-12-02T09:27:31.292Z"}
{"level":"info","message":"User connected: 692ea762cfd3f9e463219847 (socket: 6uXgj_WstubVqumFAAAl)","timestamp":"2025-12-02T09:27:32.218Z"}
{"level":"info","message":"User connected: 692ea762cfd3f9e463219847 (socket: 5aIPMJvAuxZALfayAAAn)","timestamp":"2025-12-02T09:27:32.362Z"}
{"level":"info","message":"User 692ea762cfd3f9e463219847 joined conversation 692ea79ecfd3f9e463219861","timestamp":"2025-12-02T09:27:33.243Z"}
{"level":"info","message":"User 692ea762cfd3f9e463219847 joined conversation 692ea79ecfd3f9e463219861","timestamp":"2025-12-02T09:27:33.918Z"}
{"level":"info","message":"User disconnected: 692ea794cfd3f9e463219854 (socket: -PbMRJGmgqh-m6KoAAAK)","timestamp":"2025-12-02T09:27:35.706Z"}
{"level":"info","message":"User disconnected: 692ea794cfd3f9e463219854 (socket: lSSEWe_FwMJgTPaTAAAL)","timestamp":"2025-12-02T09:27:35.713Z"}
{"level":"info","message":"User connected: 692ea794cfd3f9e463219854 (socket: -JVJzQiCdEDbAl6VAAAq)","timestamp":"2025-12-02T09:27:36.645Z"}
{"level":"info","message":"User connected: 692ea794cfd3f9e463219854 (socket: pTJmYHAfhUDsWRoAAAAr)","timestamp":"2025-12-02T09:27:36.651Z"}
{"level":"info","message":"User 692ea794cfd3f9e463219854 joined conversation 692ea79ecfd3f9e463219861","timestamp":"2025-12-02T09:27:36.945Z"}
{"level":"info","message":"User 692ea794cfd3f9e463219854 joined conversation 692ea79ecfd3f9e463219861","timestamp":"2025-12-02T09:27:37.260Z"}
{"level":"info","message":"Message sent in conversation 692ea79ecfd3f9e463219861","timestamp":"2025-12-02T09:27:40.724Z"}
{"level":"info","message":"User disconnected: 692ea794cfd3f9e463219854 (socket: -JVJzQiCdEDbAl6VAAAq)","timestamp":"2025-12-02T09:27:57.941Z"}
{"level":"info","message":"User disconnected: 692ea794cfd3f9e463219854 (socket: pTJmYHAfhUDsWRoAAAAr)","timestamp":"2025-12-02T09:27:57.949Z"}
{"level":"info","message":"User connected: 692ea794cfd3f9e463219854 (socket: Ui2s0ihrR9Vd_rCZAAAu)","timestamp":"2025-12-02T09:27:58.390Z"}
{"level":"info","message":"User connected: 692ea794cfd3f9e463219854 (socket: TO4UrahPxDXrc6ryAAAv)","timestamp":"2025-12-02T09:27:58.392Z"}
{"level":"info","message":"User 692ea794cfd3f9e463219854 joined conversation 692ea79ecfd3f9e463219861","timestamp":"2025-12-02T09:27:58.630Z"}
{"level":"info","message":"User 692ea794cfd3f9e463219854 joined conversation 692ea79ecfd3f9e463219861","timestamp":"2025-12-02T09:27:58.677Z"}
{"level":"info","message":"User disconnected: 692ea762cfd3f9e463219847 (socket: 6uXgj_WstubVqumFAAAl)","timestamp":"2025-12-02T09:28:01.914Z"}
{"level":"info","message":"User disconnected: 692ea762cfd3f9e463219847 (socket: 5aIPMJvAuxZALfayAAAn)","timestamp":"2025-12-02T09:28:01.953Z"}
{"level":"info","message":"User connected: 692ea762cfd3f9e463219847 (socket: rQXoXeRU1PZOzXIDAAAx)","timestamp":"2025-12-02T09:28:02.843Z"}
{"level":"info","message":"User connected: 692ea762cfd3f9e463219847 (socket: MwKdUuerd_xSl9_gAAAz)","timestamp":"2025-12-02T09:28:03.026Z"}
{"level":"info","message":"User 692ea762cfd3f9e463219847 joined conversation 692ea79ecfd3f9e463219861","timestamp":"2025-12-02T09:28:03.847Z"}
{"level":"info","message":"User 692ea762cfd3f9e463219847 joined conversation 692ea79ecfd3f9e463219861","timestamp":"2025-12-02T09:28:04.015Z"}
{"level":"info","message":"Message sent in conversation 692ea79ecfd3f9e463219861","timestamp":"2025-12-02T09:28:08.030Z"}
{"level":"info","message":"Message sent in conversation 692ea79ecfd3f9e463219861","timestamp":"2025-12-02T09:28:12.468Z"}
{"level":"info","message":"User disconnected: 692ea762cfd3f9e463219847 (socket: rQXoXeRU1PZOzXIDAAAx)","timestamp":"2025-12-02T09:28:15.638Z"}
{"level":"info","message":"User disconnected: 692ea762cfd3f9e463219847 (socket: MwKdUuerd_xSl9_gAAAz)","timestamp":"2025-12-02T09:28:15.737Z"}
{"level":"info","message":"User connected: 692ea762cfd3f9e463219847 (socket: qIVEH4XKMdN19gegAAA2)","timestamp":"2025-12-02T09:28:16.483Z"}
{"level":"info","message":"User connected: 692ea762cfd3f9e463219847 (socket: nEWDc36XSE1AK5vaAAA3)","timestamp":"2025-12-02T09:28:16.496Z"}
{"level":"info","message":"User 692ea762cfd3f9e463219847 joined conversation 692ea79ecfd3f9e463219861","timestamp":"2025-12-02T09:28:17.043Z"}
{"level":"info","message":"User 692ea762cfd3f9e463219847 joined conversation 692ea79ecfd3f9e463219861","timestamp":"2025-12-02T09:28:17.200Z"}
{"level":"info","message":"User disconnected: 692ea794cfd3f9e463219854 (socket: Ui2s0ihrR9Vd_rCZAAAu)","timestamp":"2025-12-02T09:28:22.115Z"}
{"level":"info","message":"User disconnected: 692ea794cfd3f9e463219854 (socket: TO4UrahPxDXrc6ryAAAv)","timestamp":"2025-12-02T09:28:22.126Z"}
{"level":"info","message":"User connected: 692ea794cfd3f9e463219854 (socket: w_g16-wY5TGXXG8vAAA5)","timestamp":"2025-12-02T09:28:22.463Z"}
{"level":"info","message":"User connected: 692ea794cfd3f9e463219854 (socket: yUN5V1hwB9GQRd9eAAA7)","timestamp":"2025-12-02T09:28:22.477Z"}
{"level":"info","message":"User 692ea794cfd3f9e463219854 joined conversation 692ea79ecfd3f9e463219861","timestamp":"2025-12-02T09:28:22.613Z"}
{"level":"info","message":"User 692ea794cfd3f9e463219854 joined conversation 692ea79ecfd3f9e463219861","timestamp":"2025-12-02T09:28:22.674Z"}
{"level":"info","message":"Message sent in conversation 692ea79ecfd3f9e463219861","timestamp":"2025-12-02T09:28:26.132Z"}
{"level":"info","message":"User 692ea794cfd3f9e463219854 joined conversation 692ea79ecfd3f9e463219861","timestamp":"2025-12-02T09:28:30.059Z"}
{"level":"info","message":"User 692ea794cfd3f9e463219854 joined conversation 692ea79ecfd3f9e463219861","timestamp":"2025-12-02T09:28:30.145Z"}
{"level":"info","message":"Message sent in conversation 692ea79ecfd3f9e463219861","timestamp":"2025-12-02T09:28:32.625Z"}
{"level":"info","message":"Message sent in conversation 692ea79ecfd3f9e463219861","timestamp":"2025-12-02T09:28:38.177Z"}
{"level":"info","message":"User 692ea762cfd3f9e463219847 joined conversation 692ea79ecfd3f9e463219861","timestamp":"2025-12-02T09:28:42.792Z"}
{"level":"info","message":"Message sent in conversation 692ea79ecfd3f9e463219861","timestamp":"2025-12-02T09:28:46.013Z"}
{"level":"info","message":"User disconnected: 692ea762cfd3f9e463219847 (socket: qIVEH4XKMdN19gegAAA2)","timestamp":"2025-12-02T09:28:49.352Z"}
{"level":"info","message":"User disconnected: 692ea762cfd3f9e463219847 (socket: nEWDc36XSE1AK5vaAAA3)","timestamp":"2025-12-02T09:28:49.362Z"}
{"level":"info","message":"User logged in: eva@example.com","timestamp":"2025-12-02T09:28:54.863Z"}
{"level":"info","message":"User connected: 692ea762cfd3f9e463219847 (socket: r1XxNTmvi9TAlPPZAAA9)","timestamp":"2025-12-02T09:28:54.939Z"}
{"level":"info","message":"User 692ea762cfd3f9e463219847 joined conversation 692ea79ecfd3f9e463219861","timestamp":"2025-12-02T09:28:55.148Z"}
{"level":"info","message":"User 692ea762cfd3f9e463219847 joined conversation 692ea79ecfd3f9e463219861","timestamp":"2025-12-02T09:28:55.205Z"}
{"level":"info","message":"Message sent in conversation 692ea79ecfd3f9e463219861","timestamp":"2025-12-02T09:28:58.040Z"}
{"level":"info","message":"Message sent in conversation 692ea79ecfd3f9e463219861","timestamp":"2025-12-02T09:29:08.348Z"}
{"level":"info","message":"User disconnected: 692ea794cfd3f9e463219854 (socket: yUN5V1hwB9GQRd9eAAA7)","timestamp":"2025-12-02T09:29:10.010Z"}
{"level":"info","message":"User disconnected: 692ea794cfd3f9e463219854 (socket: w_g16-wY5TGXXG8vAAA5)","timestamp":"2025-12-02T09:29:10.023Z"}
{"level":"info","message":"User connected: 692ea794cfd3f9e463219854 (socket: zkRxZvW7gr6YDmwmAABA)","timestamp":"2025-12-02T09:29:10.483Z"}
{"level":"info","message":"User connected: 692ea794cfd3f9e463219854 (socket: RYQx5W_xYowlYwoXAABB)","timestamp":"2025-12-02T09:29:10.486Z"}
{"level":"info","message":"User 692ea794cfd3f9e463219854 joined conversation 692ea79ecfd3f9e463219861","timestamp":"2025-12-02T09:29:10.579Z"}
{"level":"info","message":"User 692ea794cfd3f9e463219854 joined conversation 692ea79ecfd3f9e463219861","timestamp":"2025-12-02T09:29:10.602Z"}
{"level":"info","message":"User disconnected: 692ea794cfd3f9e463219854 (socket: RYQx5W_xYowlYwoXAABB)","timestamp":"2025-12-02T09:29:13.868Z"}
{"level":"info","message":"Message sent in conversation 692ea79ecfd3f9e463219861","timestamp":"2025-12-02T09:29:20.134Z"}
{"level":"info","message":"User logged in: alice@example.com","timestamp":"2025-12-02T09:29:28.112Z"}
{"level":"info","message":"User connected: 692ea794cfd3f9e463219854 (socket: DUiaxBFYb_wTMBwFAABD)","timestamp":"2025-12-02T09:29:28.347Z"}
{"level":"info","message":"User 692ea794cfd3f9e463219854 joined conversation 692ea79ecfd3f9e463219861","timestamp":"2025-12-02T09:29:28.620Z"}
{"level":"info","message":"User 692ea794cfd3f9e463219854 joined conversation 692ea79ecfd3f9e463219861","timestamp":"2025-12-02T09:29:28.737Z"}
